http://digitalocean.com/{{url}}
http://digitalocean.com/{{series_url}}
http://digitalocean.com/{{indexed_author_url}}
http://digitalocean.com/community/projects/do-install-button/comments
http://digitalocean.com/community/tutorials/how-to-use-the-dokku-one-click-digitalocean-image-to-run-a-go-app/comments
http://digitalocean.com/community/tutorials/how-to-use-the-dokku-one-click-digitalocean-image-to-run-a-php-app/comments
http://digitalocean.com/community/tutorials/how-to-use-the-dokku-one-click-digitalocean-image-to-run-a-node-js-app/comments
http://digitalocean.com/community/tutorials/how-to-run-openvpn-in-a-docker-container-on-ubuntu-14-04/comments
http://digitalocean.com/community/tutorials/como-configurar-sua-propria-vpn-com-pptp-pt/comments
http://digitalocean.com/community/tutorials/how-to-setup-your-own-vpn-with-pptp/comments
http://digitalocean.com/community/tutorials/how-to-setup-and-configure-an-openvpn-server-on-centos-7/comments
http://digitalocean.com/community/tutorials/how-to-install-and-configure-monit/comments
http://digitalocean.com/community/tutorials/how-to-configure-statsd-to-collect-arbitrary-stats-for-graphite-on-ubuntu-14-04/comments
https://digitalocean.com/{{url}}
https://digitalocean.com/community/projects/juju-digitalocean-provider/comments
https://digitalocean.com/community/projects/digitalocean-toolbox/comments
https://digitalocean.com/community/projects/tugboat/comments
https://digitalocean.com/ https://serverpilot.io
https://digitalocean.com/community/projects/serverpilot/comments
https://digitalocean.com/{{series_url}}
https://digitalocean.com/{{indexed_author_url}}
https://digitalocean.com/community/projects/acentera/comments
https://digitalocean.com/community/projects/digitalocean-elasticity/comments
https://digitalocean.com/community/projects/deploy4me/comments
https://digitalocean.com/community/projects/do-install-button/comments
https://digitalocean.com/community/projects/foreman-digitalocean-plugin/comments
https://digitalocean.com/community/tutorials/how-to-install-the-piwigo-photo-gallery-on-ubuntu-14-04/comments
https://digitalocean.com/community/tutorials/how-to-serve-django-applications-with-uwsgi-and-nginx-on-centos-7/comments
https://digitalocean.com/community/tutorials/how-to-serve-django-applications-with-uwsgi-and-nginx-on-ubuntu-14-04/comments
https://digitalocean.com/community/tutorials/django-server-comparison-the-development-server-mod_wsgi-uwsgi-and-gunicorn/comments
https://digitalocean.com/community/tutorials/how-to-install-the-django-web-framework-on-centos-7/comments
https://digitalocean.com/community/tutorials/how-to-install-the-django-web-framework-on-ubuntu-14-04/comments
https://digitalocean.com/community/tutorials/how-to-install-and-configure-monit/comments
https://digitalocean.com/community/tutorials/how-to-configure-statsd-to-collect-arbitrary-stats-for-graphite-on-ubuntu-14-04/comments
https://digitalocean.com/community/tutorials/how-to-configure-collectd-to-gather-system-metrics-for-graphite-on-ubuntu-14-04/comments
https://digitalocean.com/community/tutorials/an-introduction-to-tracking-statistics-with-graphite-statsd-and-collectd/comments
https://digitalocean.com/community/tutorials/how-to-install-and-use-graphite-on-an-ubuntu-14-04-server/comments
https://digitalocean.com/community/tutorials/how-to-install-django-cms-version-3-beta-3-with-django-1-6-on-ubuntu/comments
https://digitalocean.com/community/tutorials/how-to-install-and-get-started-with-django-based-mezzanine-cms-on-ubuntu/comments
https://digitalocean.com/community/tutorials/how-to-optimize-apache-web-server-performance/comments
https://digitalocean.com/Signals
https://digitalocean.com/community/tutorials/how-to-scale-django-beyond-the-basics/comments
https://digitalocean.com/community/tutorials/how-to-use-the-digitalocean-api-deprecated/comments
https://digitalocean.com/community/tutorials/how-to-transition-from-media-temple-to-digitalocean-s-control-panel/comments
https://digitalocean.com/community/tutorials/how-to-migrate-droplets-using-snapshots/comments
https://digitalocean.com/community/tutorials/how-to-manually-initiate-droplet-upgrade-to-latest-digitalocean-cloud/comments
https://digitalocean.com/community/tutorials/how-to-invite-your-web-developer-to-set-up-your-digitalocean-server/comments
https://digitalocean.com/community/tutorials/how-to-mirror-local-and-remote-directories-on-a-vps-with-lsyncd/comments
https://digitalocean.com/community/tutorials/how-to-use-traceroute-and-mtr-to-diagnose-network-issues/comments
https://digitalocean.com/community/tutorials/how-to-enable-ipv6-for-digitalocean-droplets/comments
https://digitalocean.com/community/tutorials/how-to-enable-digitalocean-private-networking-on-existing-droplets/comments
https://digitalocean.com/community/tutorials/how-to-set-up-and-use-digitalocean-private-networking/comments
https://digitalocean.com/ http://news.netcraft.com/archives/2013/06/13/the-meteoric-rise-of-digitalocean.html
http://digitalocean.com/ http://news.netcraft.com/archives/2013/06/13/the-meteoric-rise-of-digitalocean.html
http://digitalocean.com/community/tutorials/how-to-use-bash-history-commands-and-expansions-on-a-linux-vps/comments
http://digitalocean.com/community/tutorials/an-introduction-to-regular-expressions/comments
http://digitalocean.com/community/tutorials/an-introduction-to-useful-bash-aliases-and-functions/comments
http://digitalocean.com/community/tutorials/how-to-download-software-and-content-onto-your-linux-vps/comments
http://digitalocean.com/community/tutorials/how-to-use-sftp-to-securely-transfer-files-with-a-remote-server/comments
http://digitalocean.com/community/tutorials/sftp-ru/comments
http://digitalocean.com/community/tutorials/how-to-write-a-simple-shell-script-on-a-vps/comments
http://digitalocean.com/community/tutorials/how-to-understand-the-filesystem-layout-in-a-linux-vps/comments
http://digitalocean.com/community/tutorials/how-to-log-into-a-vps-with-putty-windows-users/comments
http://digitalocean.com/community/tutorials/initial-server-setup-with-ubuntu-14-04/comments
http://digitalocean.com/community/tutorials/how-to-create-vanity-or-branded-nameservers-with-digitalocean-cloud-servers/comments
http://digitalocean.com/community/tutorials/how-to-set-up-a-host-name-with-digitalocean/comments
http://digitalocean.com/community/tutorials/how-to-add-swap-on-ubuntu-14-04/comments
http://digitalocean.com/community/tutorials/how-to-set-up-ssh-keys--2/comments
http://digitalocean.com/community/tutorials/apache-ubuntu-14-04-lts-ru/comments
http://digitalocean.com/community/tutorials/como-configurar-apache-virtual-hosts-no-ubuntu-14-04-lts-pt/comments
http://digitalocean.com/community/tutorials/como-configurar-virtual-host-de-apache-en-ubuntu-14-04-lts-es/comments
http://digitalocean.com/community/tutorials/how-to-create-a-custom-404-page-in-apache/comments
http://digitalocean.com/community/tutorials/how-to-set-up-mod_rewrite-page-2/comments
http://digitalocean.com/community/tutorials/how-to-use-the-htaccess-file/comments
http://digitalocean.com/community/tutorials/how-to-get-started-with-mod_pagespeed-with-apache-on-a-centos-and-fedora-cloud-server/comments
http://digitalocean.com/community/tutorials/how-to-set-up-apache-virtual-hosts-on-ubuntu-14-04-lts/comments
http://digitalocean.com/community/projects/tutum/comments
http://digitalocean.com/community/tutorials/linux-apache-mysql-php-lamp-ubuntu-14-04-ru/comments
http://digitalocean.com/community/tutorials/como-instalar-a-pilha-linux-apache-mysql-php-lamp-no-ubuntu-14-04-pt/comments
http://digitalocean.com/community/tutorials/como-instalar-linux-apache-mysql-php-lamp-en-ubuntu-14-04-es/comments
http://digitalocean.com/community/tutorials/how-to-install-linux-apache-mysql-php-lamp-stack-on-ubuntu-14-04/comments
http://digitalocean.com/community/tutorials/how-to-use-ssh-keys-with-digitalocean-droplets/comments
