http://digitalocean.com/assets/images/logos-badges/DigitalOcean-Logos-and-Badges.zip
http://digitalocean.com/assets/images/logos-badges/eps/DO_Logo_Horizontal_Blue.eps
http://digitalocean.com/assets/images/logos-badges/eps/DO_Logo_Horizontal_Black.eps
http://digitalocean.com/assets/images/logos-badges/eps/DO_Logo_Horizontal_White.eps
http://digitalocean.com/assets/images/logos-badges/png/DO_Logo_Horizontal_White-118f4ee5.png
http://digitalocean.com/assets/images/logos-badges/eps/DO_Logo_Vertical_Blue.eps
http://digitalocean.com/assets/images/logos-badges/eps/DO_Logo_Vertical_Black.eps
http://digitalocean.com/assets/images/logos-badges/eps/DO_Logo_Vertical_White.eps
http://digitalocean.com/assets/images/logos-badges/eps/DO_Proudly_Hosted_Badge_Blue.eps
http://digitalocean.com/assets/images/logos-badges/eps/DO_Proudly_Hosted_Badge_Grey.eps
http://digitalocean.com/assets/images/logos-badges/eps/DO_Proudly_Hosted_Badge_Black.eps
http://digitalocean.com/assets/images/logos-badges/eps/DO_Proudly_Hosted_Badge_White.eps
http://digitalocean.com/assets/images/logos-badges/eps/DO_SSD_Power_Badge_Gold.eps
http://digitalocean.com/assets/images/logos-badges/eps/DO_SSD_Power_Badge_Blue.eps
http://digitalocean.com/assets/images/logos-badges/eps/DO_SSD_Power_Badge_Black.eps
http://digitalocean.com/assets/images/logos-badges/eps/DO_SSD_Power_Badge_White.eps
http://digitalocean.com/assets/images/logos-badges/png/DO_SSD_Power_Badge_White-b120bc38.png
http://digitalocean.com/assets/images/logos-badges/DigitalOcean-Logos-and-Badges.zip
http://digitalocean.com/assets/images/logos-badges/eps/DO_Logo_Horizontal_Blue.eps
http://digitalocean.com/assets/images/logos-badges/eps/DO_Logo_Horizontal_Black.eps
http://digitalocean.com/assets/images/logos-badges/eps/DO_Logo_Horizontal_White.eps
http://digitalocean.com/assets/images/logos-badges/png/DO_Logo_Horizontal_White-118f4ee5.png
http://digitalocean.com/assets/images/logos-badges/eps/DO_Logo_Vertical_Blue.eps
http://digitalocean.com/assets/images/logos-badges/eps/DO_Logo_Vertical_Black.eps
http://digitalocean.com/assets/images/logos-badges/eps/DO_Logo_Vertical_White.eps
http://digitalocean.com/assets/images/logos-badges/eps/DO_Proudly_Hosted_Badge_Blue.eps
http://digitalocean.com/assets/images/logos-badges/eps/DO_Proudly_Hosted_Badge_Grey.eps
http://digitalocean.com/assets/images/logos-badges/eps/DO_Proudly_Hosted_Badge_Black.eps
http://digitalocean.com/assets/images/logos-badges/eps/DO_Proudly_Hosted_Badge_White.eps
http://digitalocean.com/assets/images/logos-badges/eps/DO_SSD_Power_Badge_Gold.eps
http://digitalocean.com/assets/images/logos-badges/eps/DO_SSD_Power_Badge_Blue.eps
http://digitalocean.com/assets/images/logos-badges/eps/DO_SSD_Power_Badge_Black.eps
http://digitalocean.com/assets/images/logos-badges/eps/DO_SSD_Power_Badge_White.eps
http://digitalocean.com/assets/images/logos-badges/png/DO_SSD_Power_Badge_White-b120bc38.png
http://digitalocean.com/assets/images/logos-badges/DigitalOcean-Logos-and-Badges.zip
http://digitalocean.com/assets/images/logos-badges/eps/DO_Logo_Horizontal_Blue.eps
http://digitalocean.com/assets/images/logos-badges/eps/DO_Logo_Horizontal_Black.eps
http://digitalocean.com/assets/images/logos-badges/eps/DO_Logo_Horizontal_White.eps
http://digitalocean.com/assets/images/logos-badges/png/DO_Logo_Horizontal_White-118f4ee5.png
http://digitalocean.com/assets/images/logos-badges/eps/DO_Logo_Vertical_Blue.eps
http://digitalocean.com/assets/images/logos-badges/eps/DO_Logo_Vertical_Black.eps
http://digitalocean.com/assets/images/logos-badges/eps/DO_Logo_Vertical_White.eps
http://digitalocean.com/assets/images/logos-badges/eps/DO_Proudly_Hosted_Badge_Blue.eps
http://digitalocean.com/assets/images/logos-badges/eps/DO_Proudly_Hosted_Badge_Grey.eps
http://digitalocean.com/assets/images/logos-badges/eps/DO_Proudly_Hosted_Badge_Black.eps
http://digitalocean.com/assets/images/logos-badges/eps/DO_Proudly_Hosted_Badge_White.eps
http://digitalocean.com/assets/images/logos-badges/eps/DO_SSD_Power_Badge_Gold.eps
http://digitalocean.com/assets/images/logos-badges/eps/DO_SSD_Power_Badge_Blue.eps
http://digitalocean.com/assets/images/logos-badges/eps/DO_SSD_Power_Badge_Black.eps
http://digitalocean.com/assets/images/logos-badges/eps/DO_SSD_Power_Badge_White.eps
http://digitalocean.com/assets/images/logos-badges/png/DO_SSD_Power_Badge_White-b120bc38.png
